2022-04-24 20:47:12,010 [main] INFO  loggingAop.logging.LoggingApplication(logStarting:55) - Starting LoggingApplication using Java 11.0.11 on idong-ug-ui-MacBookPro.local with PID 13698 (/Users/ldu/workspace/Spring/logging/build/classes/java/main started by ldu in /Users/ldu/workspace/Spring/logging)
2022-04-24 20:47:12,020 [main] INFO  loggingAop.logging.LoggingApplication(logStartupProfileInfo:640) - No active profile set, falling back to 1 default profile: "default"
2022-04-24 20:47:13,146 [main] INFO  org.springframework.boot.web.embedded.tomcat.TomcatWebServer(initialize:108) - Tomcat initialized with port(s): 8080 (http)
2022-04-24 20:47:13,158 [main] INFO  org.apache.coyote.http11.Http11NioProtocol(log:173) - Initializing ProtocolHandler ["http-nio-8080"]
2022-04-24 20:47:13,159 [main] INFO  org.apache.catalina.core.StandardService(log:173) - Starting service [Tomcat]
2022-04-24 20:47:13,160 [main] INFO  org.apache.catalina.core.StandardEngine(log:173) - Starting Servlet engine: [Apache Tomcat/9.0.62]
2022-04-24 20:47:13,235 [main] INFO  org.apache.catalina.core.ContainerBase.[Tomcat].[localhost].[/](log:173) - Initializing Spring embedded WebApplicationContext
2022-04-24 20:47:13,236 [main] INFO  org.springframework.boot.web.servlet.context.ServletWebServerApplicationContext(prepareWebApplicationContext:290) - Root WebApplicationContext: initialization completed in 1099 ms
2022-04-24 20:47:13,645 [main] INFO  loggingAop.logging.aop.logging(logExecutionTime:24) - 소요시간: StopWatch '': running time = 8877458 ns
---------------------------------------------
ns         %     Task name
---------------------------------------------
008877458  100%  

2022-04-24 20:47:13,812 [main] INFO  org.apache.coyote.http11.Http11NioProtocol(log:173) - Starting ProtocolHandler ["http-nio-8080"]
2022-04-24 20:47:13,828 [main] INFO  org.springframework.boot.web.embedded.tomcat.TomcatWebServer(start:220) - Tomcat started on port(s): 8080 (http) with context path ''
2022-04-24 20:47:13,842 [main] INFO  loggingAop.logging.LoggingApplication(logStarted:61) - Started LoggingApplication in 2.251 seconds (JVM running for 3.178)
2022-04-24 20:47:35,051 [http-nio-8080-exec-2] INFO  org.apache.catalina.core.ContainerBase.[Tomcat].[localhost].[/](log:173) - Initializing Spring DispatcherServlet 'dispatcherServlet'
2022-04-24 20:47:35,053 [http-nio-8080-exec-2] INFO  org.springframework.web.servlet.DispatcherServlet(initServletBean:525) - Initializing Servlet 'dispatcherServlet'
2022-04-24 20:47:35,055 [http-nio-8080-exec-2] INFO  org.springframework.web.servlet.DispatcherServlet(initServletBean:547) - Completed initialization in 2 ms
2022-04-24 20:47:35,076 [http-nio-8080-exec-2] INFO  loggingAop.logging.component.Interceptor(preHandle:19) - url controller 직전 : /home
2022-04-24 20:47:35,077 [http-nio-8080-exec-2] INFO  loggingAop.logging.aop.logging(logExecutionTime:24) - 소요시간: StopWatch '': running time = 10195959 ns
---------------------------------------------
ns         %     Task name
---------------------------------------------
010195959  100%  

2022-04-24 20:47:35,093 [http-nio-8080-exec-2] INFO  loggingAop.logging.aop.logging(logExecutionTime:24) - 소요시간: StopWatch '': running time = 6190834 ns
---------------------------------------------
ns         %     Task name
---------------------------------------------
006190834  100%  

2022-04-24 20:47:35,108 [http-nio-8080-exec-2] INFO  loggingAop.logging.component.Interceptor(postHandle:26) - response status 컨트롤러 직후 : 200
2022-04-24 20:47:35,109 [http-nio-8080-exec-2] INFO  loggingAop.logging.aop.logging(logExecutionTime:24) - 소요시간: StopWatch '': running time = 662375 ns
---------------------------------------------
ns         %     Task name
---------------------------------------------
000662375  100%  

2022-04-24 20:47:35,110 [http-nio-8080-exec-2] INFO  loggingAop.logging.aop.logging(logExecutionTime:24) - 소요시간: StopWatch '': running time = 29917 ns
---------------------------------------------
ns         %     Task name
---------------------------------------------
000029917  100%  

2022-04-24 20:47:35,452 [http-nio-8080-exec-3] INFO  loggingAop.logging.component.Interceptor(preHandle:19) - url controller 직전 : /home
2022-04-24 20:47:35,456 [http-nio-8080-exec-3] INFO  loggingAop.logging.aop.logging(logExecutionTime:24) - 소요시간: StopWatch '': running time = 2960916 ns
---------------------------------------------
ns         %     Task name
---------------------------------------------
002960916  100%  

2022-04-24 20:47:35,458 [http-nio-8080-exec-3] INFO  loggingAop.logging.aop.logging(logExecutionTime:24) - 소요시간: StopWatch '': running time = 9000 ns
---------------------------------------------
ns         %     Task name
---------------------------------------------
000009000  100%  

2022-04-24 20:47:35,460 [http-nio-8080-exec-3] INFO  loggingAop.logging.component.Interceptor(postHandle:26) - response status 컨트롤러 직후 : 200
2022-04-24 20:47:35,460 [http-nio-8080-exec-3] INFO  loggingAop.logging.aop.logging(logExecutionTime:24) - 소요시간: StopWatch '': running time = 363792 ns
---------------------------------------------
ns         %     Task name
---------------------------------------------
000363792  100%  

2022-04-24 20:47:35,461 [http-nio-8080-exec-3] INFO  loggingAop.logging.aop.logging(logExecutionTime:24) - 소요시간: StopWatch '': running time = 3292 ns
---------------------------------------------
ns         %     Task name
---------------------------------------------
000003292  100%  

2022-04-24 20:47:35,998 [http-nio-8080-exec-4] INFO  loggingAop.logging.component.Interceptor(preHandle:19) - url controller 직전 : /home
2022-04-24 20:47:36,001 [http-nio-8080-exec-4] INFO  loggingAop.logging.aop.logging(logExecutionTime:24) - 소요시간: StopWatch '': running time = 2941875 ns
---------------------------------------------
ns         %     Task name
---------------------------------------------
002941875  100%  

2022-04-24 20:47:36,002 [http-nio-8080-exec-4] INFO  loggingAop.logging.aop.logging(logExecutionTime:24) - 소요시간: StopWatch '': running time = 7666 ns
---------------------------------------------
ns         %     Task name
---------------------------------------------
000007666  100%  

2022-04-24 20:47:36,005 [http-nio-8080-exec-4] INFO  loggingAop.logging.component.Interceptor(postHandle:26) - response status 컨트롤러 직후 : 200
2022-04-24 20:47:36,007 [http-nio-8080-exec-4] INFO  loggingAop.logging.aop.logging(logExecutionTime:24) - 소요시간: StopWatch '': running time = 1070417 ns
---------------------------------------------
ns         %     Task name
---------------------------------------------
001070417  100%  

2022-04-24 20:47:36,010 [http-nio-8080-exec-4] INFO  loggingAop.logging.aop.logging(logExecutionTime:24) - 소요시간: StopWatch '': running time = 14834 ns
---------------------------------------------
ns         %     Task name
---------------------------------------------
000014834  100%  

2022-04-24 20:47:40,708 [http-nio-8080-exec-5] INFO  loggingAop.logging.component.Interceptor(preHandle:19) - url controller 직전 : /home
2022-04-24 20:47:40,709 [http-nio-8080-exec-5] INFO  loggingAop.logging.aop.logging(logExecutionTime:24) - 소요시간: StopWatch '': running time = 594875 ns
---------------------------------------------
ns         %     Task name
---------------------------------------------
000594875  100%  

2022-04-24 20:47:40,709 [http-nio-8080-exec-5] INFO  loggingAop.logging.aop.logging(logExecutionTime:24) - 소요시간: StopWatch '': running time = 5750 ns
---------------------------------------------
ns         %     Task name
---------------------------------------------
000005750  100%  

2022-04-24 20:47:40,712 [http-nio-8080-exec-5] INFO  loggingAop.logging.component.Interceptor(postHandle:26) - response status 컨트롤러 직후 : 200
2022-04-24 20:47:40,713 [http-nio-8080-exec-5] INFO  loggingAop.logging.aop.logging(logExecutionTime:24) - 소요시간: StopWatch '': running time = 302792 ns
---------------------------------------------
ns         %     Task name
---------------------------------------------
000302792  100%  

2022-04-24 20:47:40,713 [http-nio-8080-exec-5] INFO  loggingAop.logging.aop.logging(logExecutionTime:24) - 소요시간: StopWatch '': running time = 4000 ns
---------------------------------------------
ns         %     Task name
---------------------------------------------
000004000  100%  

2022-04-24 20:47:41,161 [http-nio-8080-exec-6] INFO  loggingAop.logging.component.Interceptor(preHandle:19) - url controller 직전 : /home
2022-04-24 20:47:41,164 [http-nio-8080-exec-6] INFO  loggingAop.logging.aop.logging(logExecutionTime:24) - 소요시간: StopWatch '': running time = 3173583 ns
---------------------------------------------
ns         %     Task name
---------------------------------------------
003173583  100%  

2022-04-24 20:47:41,166 [http-nio-8080-exec-6] INFO  loggingAop.logging.aop.logging(logExecutionTime:24) - 소요시간: StopWatch '': running time = 7750 ns
---------------------------------------------
ns         %     Task name
---------------------------------------------
000007750  100%  

2022-04-24 20:47:41,171 [http-nio-8080-exec-6] INFO  loggingAop.logging.component.Interceptor(postHandle:26) - response status 컨트롤러 직후 : 200
2022-04-24 20:47:41,172 [http-nio-8080-exec-6] INFO  loggingAop.logging.aop.logging(logExecutionTime:24) - 소요시간: StopWatch '': running time = 896209 ns
---------------------------------------------
ns         %     Task name
---------------------------------------------
000896209  100%  

2022-04-24 20:47:41,175 [http-nio-8080-exec-6] INFO  loggingAop.logging.aop.logging(logExecutionTime:24) - 소요시간: StopWatch '': running time = 13583 ns
---------------------------------------------
ns         %     Task name
---------------------------------------------
000013583  100%  

2022-04-24 20:47:41,631 [http-nio-8080-exec-7] INFO  loggingAop.logging.component.Interceptor(preHandle:19) - url controller 직전 : /home
2022-04-24 20:47:41,634 [http-nio-8080-exec-7] INFO  loggingAop.logging.aop.logging(logExecutionTime:24) - 소요시간: StopWatch '': running time = 4201666 ns
---------------------------------------------
ns         %     Task name
---------------------------------------------
004201666  100%  

